---
driver=<class 'textual._linux_driver.LinuxDriver'>
Mount() >>> SimpleApp(title='Textual Application')
Mount() >>> DockView(name='DockView#1')
Enter() >>> Placeholder(name='Placeholder#2')
Leave() >>> Placeholder(name='Placeholder#2', mouse_over=True)
Enter() >>> Placeholder(name='Placeholder#3')
Leave() >>> Placeholder(name='Placeholder#3', mouse_over=True)
Enter() >>> Placeholder(name='Placeholder#2')
Leave() >>> Placeholder(name='Placeholder#2', mouse_over=True)
Enter() >>> Placeholder(name='Placeholder#3')
Leave() >>> Placeholder(name='Placeholder#3', mouse_over=True)
Enter() >>> Placeholder(name='Placeholder#2')
Leave() >>> Placeholder(name='Placeholder#2', mouse_over=True)
Enter() >>> Placeholder(name='Placeholder#1')
set_focus Placeholder(name='Placeholder#1', mouse_over=True)
Focus() >>> Placeholder(name='Placeholder#1', mouse_over=True)
MouseDown(x=3, y=12, button=1) >>> Placeholder(name='Placeholder#1', has_focus=True, mouse_over=True)
MouseUp(x=3, y=12, button=1) >>> Placeholder(name='Placeholder#1', has_focus=True, mouse_over=True)
Click(x=3, y=12, button=1) >>> Placeholder(name='Placeholder#1', has_focus=True, mouse_over=True)
Leave() >>> Placeholder(name='Placeholder#1', has_focus=True, mouse_over=True)
Enter() >>> Placeholder(name='Placeholder#2')
set_focus Placeholder(name='Placeholder#2', mouse_over=True)
Blur() >>> Placeholder(name='Placeholder#1', has_focus=True)
Focus() >>> Placeholder(name='Placeholder#2', mouse_over=True)
MouseDown(x=20, y=13, screen_x=60, button=1) >>> Placeholder(name='Placeholder#2', has_focus=True, mouse_over=True)
MouseUp(x=20, y=13, screen_x=60, button=1) >>> Placeholder(name='Placeholder#2', has_focus=True, mouse_over=True)
Click(x=20, y=13, screen_x=60, button=1) >>> Placeholder(name='Placeholder#2', has_focus=True, mouse_over=True)
Leave() >>> Placeholder(name='Placeholder#2', has_focus=True, mouse_over=True)
Enter() >>> Placeholder(name='Placeholder#1')
set_focus Placeholder(name='Placeholder#1', mouse_over=True)
Blur() >>> Placeholder(name='Placeholder#2', has_focus=True)
Focus() >>> Placeholder(name='Placeholder#1', mouse_over=True)
MouseDown(x=22, y=14, button=1) >>> Placeholder(name='Placeholder#1', has_focus=True, mouse_over=True)
MouseUp(x=22, y=14, button=1) >>> Placeholder(name='Placeholder#1', has_focus=True, mouse_over=True)
Click(x=22, y=14, button=1) >>> Placeholder(name='Placeholder#1', has_focus=True, mouse_over=True)
Leave() >>> Placeholder(name='Placeholder#1', has_focus=True, mouse_over=True)
Enter() >>> Placeholder(name='Placeholder#3')
set_focus Placeholder(name='Placeholder#3', mouse_over=True)
Blur() >>> Placeholder(name='Placeholder#1', has_focus=True)
Focus() >>> Placeholder(name='Placeholder#3', mouse_over=True)
MouseDown(x=21, y=12, screen_x=61, screen_y=33, button=1) >>> Placeholder(name='Placeholder#3', has_focus=True, mouse_over=True)
MouseUp(x=21, y=12, screen_x=61, screen_y=33, button=1) >>> Placeholder(name='Placeholder#3', has_focus=True, mouse_over=True)
Click(x=21, y=12, screen_x=61, screen_y=33, button=1) >>> Placeholder(name='Placeholder#3', has_focus=True, mouse_over=True)
Leave() >>> Placeholder(name='Placeholder#3', has_focus=True, mouse_over=True)
Enter() >>> Placeholder(name='Placeholder#1')
set_focus Placeholder(name='Placeholder#1', mouse_over=True)
Blur() >>> Placeholder(name='Placeholder#3', has_focus=True)
Focus() >>> Placeholder(name='Placeholder#1', mouse_over=True)
MouseDown(x=27, y=27, button=1) >>> Placeholder(name='Placeholder#1', has_focus=True, mouse_over=True)
MouseUp(x=27, y=27, button=1) >>> Placeholder(name='Placeholder#1', has_focus=True, mouse_over=True)
Click(x=27, y=27, button=1) >>> Placeholder(name='Placeholder#1', has_focus=True, mouse_over=True)
set_focus Placeholder(name='Placeholder#1', has_focus=True, mouse_over=True)
MouseDown(x=27, y=27, button=1) >>> Placeholder(name='Placeholder#1', has_focus=True, mouse_over=True)
MouseUp(x=27, y=27, button=1) >>> Placeholder(name='Placeholder#1', has_focus=True, mouse_over=True)
Click(x=27, y=27, button=1) >>> Placeholder(name='Placeholder#1', has_focus=True, mouse_over=True)
Leave() >>> Placeholder(name='Placeholder#1', has_focus=True, mouse_over=True)
Enter() >>> Placeholder(name='Placeholder#2')
set_focus Placeholder(name='Placeholder#2', mouse_over=True)
Blur() >>> Placeholder(name='Placeholder#1', has_focus=True)
Focus() >>> Placeholder(name='Placeholder#2', mouse_over=True)
MouseDown(x=17, y=15, screen_x=57, button=1) >>> Placeholder(name='Placeholder#2', has_focus=True, mouse_over=True)
MouseUp(x=17, y=15, screen_x=57, button=1) >>> Placeholder(name='Placeholder#2', has_focus=True, mouse_over=True)
Click(x=17, y=15, screen_x=57, button=1) >>> Placeholder(name='Placeholder#2', has_focus=True, mouse_over=True)
Leave() >>> Placeholder(name='Placeholder#2', has_focus=True, mouse_over=True)
Enter() >>> Placeholder(name='Placeholder#3')
Leave() >>> Placeholder(name='Placeholder#3', mouse_over=True)
Enter() >>> Placeholder(name='Placeholder#1')
