---
driver=<class 'textual._linux_driver.LinuxDriver'>
Mount() >>> DockView(name='DockView#1')
view.forwarded Key(key='0')
Key(key='0') >>> ColorChanger(title='Textual Application')
Key(key='0') >>> ColorChanger(title='Textual Application')
App.on_key
view.forwarded Key(key='1')
Key(key='1') >>> ColorChanger(title='Textual Application')
Key(key='1') >>> ColorChanger(title='Textual Application')
App.on_key
view.forwarded Key(key='2')
Key(key='2') >>> ColorChanger(title='Textual Application')
Key(key='2') >>> ColorChanger(title='Textual Application')
App.on_key
view.forwarded Key(key='3')
Key(key='3') >>> ColorChanger(title='Textual Application')
Key(key='3') >>> ColorChanger(title='Textual Application')
App.on_key
view.forwarded Key(key='4')
Key(key='4') >>> ColorChanger(title='Textual Application')
Key(key='4') >>> ColorChanger(title='Textual Application')
App.on_key
view.forwarded Key(key='4')
Key(key='4') >>> ColorChanger(title='Textual Application')
Key(key='4') >>> ColorChanger(title='Textual Application')
App.on_key
view.forwarded Key(key='5')
Key(key='5') >>> ColorChanger(title='Textual Application')
Key(key='5') >>> ColorChanger(title='Textual Application')
App.on_key
view.forwarded Key(key='ctrl+c')
Key(key='ctrl+c') >>> ColorChanger(title='Textual Application')
Key(key='ctrl+c') >>> ColorChanger(title='Textual Application')
App.on_key
ACTION ColorChanger(title='Textual Application') quit
CLOSED ColorChanger(title='Textual Application')
PROCESS END
